<?xml version="1.0" encoding="UTF-8"?>
<!-- Generated by org.testng.reporters.JUnitXMLReporter -->
<testsuite ignored="0" hostname="LASHA-PC" failures="0" tests="5" name="Surefire test" time="1.012" errors="0" timestamp="2023-12-23T01:13:12 GET">
  <testcase classname="DataProviderTest" name="Sum" time="0.265"/>
  <testcase classname="DataProviderTest" name="Sum" time="0.003"/>
  <testcase classname="DataProviderTest" name="testMethod" time="0.007"/>
  <testcase classname="DataProviderTest" name="testMethod" time="0.003"/>
  <testcase classname="FactoryTest" name="testMethod" time="0.006"/>
</testsuite> <!-- Surefire test -->
