<?xml version="1.0" encoding="UTF-8"?>
<testsuite xmlns:xsi="http://www.w3.org/2001/XMLSchema-instance" xsi:noNamespaceSchemaLocation="https://maven.apache.org/surefire/maven-surefire-plugin/xsd/surefire-test-report-3.0.xsd" version="3.0" name="TestSuite" time="5.005" tests="5" errors="0" skipped="0" failures="0">
  <properties>
[...]
</properties>
  <testcase name="Sum[2, 3, 5](1)" classname="DataProviderTest" time="0.543">
    <system-out><![CDATA[Before class executed
Sum is: 10
]]></system-out>
    <system-err><![CDATA[SLF4J: No SLF4J providers were found.
SLF4J: Defaulting to no-operation (NOP) logger implementation
SLF4J: See https://www.slf4j.org/codes.html#noProviders for further details.
]]></system-err>
  </testcase>
  <testcase name="Sum[5, 7, 9](2)" classname="DataProviderTest" time="0.002">
    <system-out><![CDATA[Sum is: 21
]]></system-out>
  </testcase>
  <testcase name="testMethod[one](1)" classname="DataProviderTest" time="0.021">
    <system-out><![CDATA[The parameter value is: one
]]></system-out>
  </testcase>
  <testcase name="testMethod[two](2)" classname="DataProviderTest" time="0.008">
    <system-out><![CDATA[The parameter value is: two
]]></system-out>
  </testcase>
  <testcase name="testMethod" classname="FactoryTest" time="0.001">
    <system-out><![CDATA[Before SimpleTest class executed.
testMethod parameter value is: Surefire test
]]></system-out>
  </testcase>
</testsuite>