<?xml version="1.0" encoding="UTF-8"?>
<testng-results ignored="0" total="5" passed="5" failed="0" skipped="0">
  <reporter-output>
  </reporter-output>
  <suite started-at="2023-12-23T01:13:11 GET" name="Surefire suite" finished-at="2023-12-23T01:13:12 GET" duration-ms="1012">
    <groups>
    </groups>
    <test started-at="2023-12-23T01:13:11 GET" name="Surefire test" finished-at="2023-12-23T01:13:12 GET" duration-ms="1012">
      <class name="FactoryTest">
        <test-method is-config="true" signature="beforeClass()[pri:0, instance:FactoryTest@29215f06]" started-at="2023-12-23T01:13:12 GET" name="beforeClass" finished-at="2023-12-23T01:13:12 GET" duration-ms="1" status="PASS">
          <reporter-output>
          </reporter-output>
        </test-method> <!-- beforeClass -->
        <test-method signature="testMethod()[pri:0, instance:FactoryTest@29215f06]" started-at="2023-12-23T01:13:12 GET" name="testMethod" finished-at="2023-12-23T01:13:12 GET" duration-ms="6" status="PASS">
          <reporter-output>
          </reporter-output>
        </test-method> <!-- testMethod -->
      </class> <!-- FactoryTest -->
      <class name="DataProviderTest">
        <test-method is-config="true" signature="beforeClass()[pri:0, instance:DataProviderTest@1151e434]" started-at="2023-12-23T01:13:11 GET" name="beforeClass" finished-at="2023-12-23T01:13:11 GET" duration-ms="95" status="PASS">
          <reporter-output>
          </reporter-output>
        </test-method> <!-- beforeClass -->
        <test-method signature="Sum(int,int,int)[pri:0, instance:DataProviderTest@1151e434]" started-at="2023-12-23T01:13:12 GET" name="Sum" data-provider="data-provider2" finished-at="2023-12-23T01:13:12 GET" duration-ms="265" status="PASS">
          <params>
            <param index="0">
              <value>
                <![CDATA[2]]>
              </value>
            </param>
            <param index="1">
              <value>
                <![CDATA[3]]>
              </value>
            </param>
            <param index="2">
              <value>
                <![CDATA[5]]>
              </value>
            </param>
          </params>
          <reporter-output>
          </reporter-output>
        </test-method> <!-- Sum -->
        <test-method signature="Sum(int,int,int)[pri:0, instance:DataProviderTest@1151e434]" started-at="2023-12-23T01:13:12 GET" name="Sum" data-provider="data-provider2" finished-at="2023-12-23T01:13:12 GET" duration-ms="3" status="PASS">
          <params>
            <param index="0">
              <value>
                <![CDATA[5]]>
              </value>
            </param>
            <param index="1">
              <value>
                <![CDATA[7]]>
              </value>
            </param>
            <param index="2">
              <value>
                <![CDATA[9]]>
              </value>
            </param>
          </params>
          <reporter-output>
          </reporter-output>
        </test-method> <!-- Sum -->
        <test-method signature="testMethod(java.lang.String)[pri:0, instance:DataProviderTest@1151e434]" started-at="2023-12-23T01:13:12 GET" name="testMethod" data-provider="dataMethod" finished-at="2023-12-23T01:13:12 GET" duration-ms="7" status="PASS">
          <params>
            <param index="0">
              <value>
                <![CDATA[one]]>
              </value>
            </param>
          </params>
          <reporter-output>
          </reporter-output>
        </test-method> <!-- testMethod -->
        <test-method signature="testMethod(java.lang.String)[pri:0, instance:DataProviderTest@1151e434]" started-at="2023-12-23T01:13:12 GET" name="testMethod" data-provider="dataMethod" finished-at="2023-12-23T01:13:12 GET" duration-ms="3" status="PASS">
          <params>
            <param index="0">
              <value>
                <![CDATA[two]]>
              </value>
            </param>
          </params>
          <reporter-output>
          </reporter-output>
        </test-method> <!-- testMethod -->
      </class> <!-- DataProviderTest -->
    </test> <!-- Surefire test -->
  </suite> <!-- Surefire suite -->
</testng-results>
